<?xml version="1.0" encoding="UTF-8"?>
<!-- Generated by org.testng.reporters.JUnitXMLReporter -->
<testsuite hostname="Orlansoft-web6" ignored="0" name="Command line test" tests="1" failures="1" timestamp="2022-05-20T13:29:19 WIB" time="26.865" errors="0">
  <testcase name="basicTest" time="15.734" classname="com.orlansoft.mobiletestautomation.QuickTest">
    <failure type="org.openqa.selenium.TimeoutException" message="Expected condition failed: waiting for visibility of element located by By.id: com.ods.loadsheet:id/button_aktivasi (tried for 10 second(s) with 500 milliseconds interval)">
      <![CDATA[org.openqa.selenium.TimeoutException: Expected condition failed: waiting for visibility of element located by By.id: com.ods.loadsheet:id/button_aktivasi (tried for 10 second(s) with 500 milliseconds interval)
at org.openqa.selenium.support.ui.WebDriverWait.timeoutException(WebDriverWait.java:95)
at org.openqa.selenium.support.ui.FluentWait.until(FluentWait.java:272)
at com.orlansoft.mobiletestautomation.QuickTest.runWaitUntilVisible(QuickTest.java:199)
at com.orlansoft.mobiletestautomation.QuickTest.loadFileTest(QuickTest.java:138)
at com.orlansoft.mobiletestautomation.QuickTest.basicTest(QuickTest.java:51)
at java.util.ArrayList.forEach(ArrayList.java:1257)
at com.orlansoft.mobiletestautomation.RunTest.main(RunTest.java:13)
Caused by: org.openqa.selenium.NoSuchElementException: An element could not be located on the page using the given search parameters.
For documentation on this error, please visit: https://www.seleniumhq.org/exceptions/no_such_element.html
Build info: version: 'unknown', revision: 'unknown', time: 'unknown'
System info: host: 'Orlansoft-web6', ip: '127.0.1.1', os.name: 'Linux', os.arch: 'amd64', os.version: '5.4.0-73-generic', java.version: '1.8.0_192'
Driver info: io.appium.java_client.android.AndroidDriver
Capabilities {appActivity: com.ods.loadsheet.activity...., appPackage: com.ods.loadsheet, autoGrantPermissions: true, automationName: UIAutomator2, databaseEnabled: false, desired: {appActivity: com.ods.loadsheet.activity...., appPackage: com.ods.loadsheet, autoGrantPermissions: true, automationName: UIAutomator2, deviceName: 2c1b9b4a, noReset: false, platformName: android, platformVersion: 10, skipUnlock: false}, deviceApiLevel: 29, deviceManufacturer: realme, deviceModel: RMX1911, deviceName: 2c1b9b4a, deviceScreenDensity: 272, deviceScreenSize: 720x1600, deviceUDID: 2c1b9b4a, javascriptEnabled: true, locationContextEnabled: false, networkConnectionEnabled: true, noReset: false, pixelRatio: 1.7, platform: LINUX, platformName: Android, platformVersion: 10, skipUnlock: false, statBarHeight: 48, takesScreenshot: true, viewportRect: {height: 1421, left: 0, top: 48, width: 720}, warnings: {}, webStorageEnabled: false}
Session ID: 8835dbeb-1a1e-4999-8fa3-9872c3d0aa83
*** Element info: {Using=id, value=com.ods.loadsheet:id/button_aktivasi}
at org.openqa.selenium.remote.http.W3CHttpResponseCodec.createException(W3CHttpResponseCodec.java:187)
at org.openqa.selenium.remote.http.W3CHttpResponseCodec.decode(W3CHttpResponseCodec.java:122)
at org.openqa.selenium.remote.http.W3CHttpResponseCodec.decode(W3CHttpResponseCodec.java:49)
at org.openqa.selenium.remote.HttpCommandExecutor.execute(HttpCommandExecutor.java:158)
at io.appium.java_client.remote.AppiumCommandExecutor.execute(AppiumCommandExecutor.java:247)
at org.openqa.selenium.remote.RemoteWebDriver.execute(RemoteWebDriver.java:552)
at io.appium.java_client.DefaultGenericMobileDriver.execute(DefaultGenericMobileDriver.java:41)
at io.appium.java_client.AppiumDriver.execute(AppiumDriver.java:1)
at io.appium.java_client.android.AndroidDriver.execute(AndroidDriver.java:1)
at org.openqa.selenium.remote.RemoteWebDriver.findElement(RemoteWebDriver.java:323)
at io.appium.java_client.DefaultGenericMobileDriver.findElement(DefaultGenericMobileDriver.java:61)
at io.appium.java_client.AppiumDriver.findElement(AppiumDriver.java:1)
at io.appium.java_client.android.AndroidDriver.findElement(AndroidDriver.java:1)
at org.openqa.selenium.remote.RemoteWebDriver.findElementById(RemoteWebDriver.java:372)
at io.appium.java_client.DefaultGenericMobileDriver.findElementById(DefaultGenericMobileDriver.java:69)
at io.appium.java_client.AppiumDriver.findElementById(AppiumDriver.java:1)
at io.appium.java_client.android.AndroidDriver.findElementById(AndroidDriver.java:1)
at org.openqa.selenium.By$ById.findElement(By.java:188)
at org.openqa.selenium.remote.RemoteWebDriver.findElement(RemoteWebDriver.java:315)
at io.appium.java_client.DefaultGenericMobileDriver.findElement(DefaultGenericMobileDriver.java:57)
at io.appium.java_client.AppiumDriver.findElement(AppiumDriver.java:1)
at io.appium.java_client.android.AndroidDriver.findElement(AndroidDriver.java:1)
at org.openqa.selenium.support.ui.ExpectedConditions$7.apply(ExpectedConditions.java:205)
at org.openqa.selenium.support.ui.ExpectedConditions$7.apply(ExpectedConditions.java:201)
at org.openqa.selenium.support.ui.FluentWait.until(FluentWait.java:249)
... 29 more
... Removed 28 stack frames]]>
    </failure>
  </testcase> <!-- basicTest -->
</testsuite> <!-- Command line test -->
